[  238856ms] [WARNING] The next HMR update will cause the page to reload @ http://localhost:5173/@fs/Users/Jerry/Developer/sensei/node_modules/.bun/@sveltejs+kit@2.55.0+aeaf388caee2c729/node_modules/@sveltejs/kit/src/runtime/client/client.js?v=c1b6fb79:3298
[  238856ms] [ERROR] {type: error, error: Object, status: 500} @ http://localhost:5173/@fs/Users/Jerry/Developer/sensei/apps/dashboard/.svelte-kit/generated/client/app.js:39
[  238857ms] [WARNING] Preloading data for /repos/2de12ef2-7ab1-4063-87a4-f35af22a7729/analytics failed with the following error: Internal Error
If this error is transient, you can ignore it. Otherwise, consider disabling preloading for this route. This route was preloaded due to a data-sveltekit-preload-data attribute. See https://svelte.dev/docs/kit/link-options for more info @ http://localhost:5173/@fs/Users/Jerry/Developer/sensei/node_modules/.bun/@sveltejs+kit@2.55.0+aeaf388caee2c729/node_modules/@sveltejs/kit/src/runtime/client/client.js?v=c1b6fb79:3298
[  318821ms] [ERROR] Failed to load resource: the server responded with a status of 503 (Service Unavailable) @ http://localhost:54321/rest/v1/libraries?select=name%2Cecosystem%2Cversion%2Cdescription%2Chomepage_url%2Cllms_txt_url%2Cllms_txt_fetched_at&order=ecosystem.asc%2Cname.asc:0
[  465286ms] [ERROR] Failed to load resource: the server responded with a status of 404 (Not Found) @ http://localhost:54321/rest/v1/libraries?select=name%2Cecosystem%2Cversion%2Cdescription%2Chomepage_url%2Cllms_txt_url%2Cllms_txt_fetched_at&order=ecosystem.asc%2Cname.asc:0
[  486962ms] [ERROR] Failed to load resource: the server responded with a status of 404 (Not Found) @ http://localhost:54321/rest/v1/libraries?select=name%2Cecosystem%2Cversion%2Cdescription%2Chomepage_url%2Cllms_txt_url%2Cllms_txt_fetched_at&order=ecosystem.asc%2Cname.asc:0
[  594855ms] [ERROR] Failed to load resource: the server responded with a status of 500 (Internal Server Error) @ http://localhost:5173/repos/c9c7a728-fa9f-4771-bb85-1d2c6413f755/libraries?/add:0
[  635240ms] [ERROR] Failed to load resource: the server responded with a status of 404 (Not Found) @ http://localhost:54321/rest/v1/libraries?select=name%2Cecosystem%2Cversion%2Cdescription%2Chomepage_url%2Cllms_txt_url%2Cllms_txt_fetched_at&order=ecosystem.asc%2Cname.asc:0
[  662162ms] [ERROR] Failed to load resource: the server responded with a status of 404 (Not Found) @ http://localhost:54321/rest/v1/references?select=url%2Ctitle%2Cdescription%2Ctags%2Cfetched_at%2Cmodified_at&order=modified_at.desc:0
[  672459ms] [ERROR] Failed to load resource: the server responded with a status of 404 (Not Found) @ http://localhost:54321/rest/v1/libraries?select=name%2Cecosystem%2Cversion%2Cdescription%2Chomepage_url%2Cllms_txt_url%2Cllms_txt_fetched_at&order=ecosystem.asc%2Cname.asc:0
[ 1125292ms] [ERROR] Failed to load resource: the server responded with a status of 404 (Not Found) @ http://localhost:54321/rest/v1/libraries?select=name%2Cecosystem%2Cversion%2Cdescription%2Chomepage_url%2Cllms_txt_url%2Cllms_txt_fetched_at&order=ecosystem.asc%2Cname.asc:0
[ 1126355ms] [ERROR] Failed to load resource: the server responded with a status of 404 (Not Found) @ http://localhost:54321/rest/v1/references?select=url%2Ctitle%2Cdescription%2Ctags%2Cfetched_at%2Cmodified_at&order=modified_at.desc:0
[ 1130676ms] [ERROR] Failed to load resource: the server responded with a status of 404 (Not Found) @ http://localhost:54321/rest/v1/benchmark_reports?select=id%2Crun_name%2Cstrategy%2Cscore%2Ctokens%2Celapsed_ms%2Cpromoted%2Ccreated_at%2Crepo_id&order=created_at.desc&limit=50:0
[ 1182082ms] [ERROR] Failed to load resource: the server responded with a status of 404 (Not Found) @ http://localhost:54321/rest/v1/libraries?select=name%2Cecosystem%2Cversion%2Cdescription%2Chomepage_url%2Cllms_txt_url%2Cllms_txt_fetched_at&order=ecosystem.asc%2Cname.asc:0
[ 1183376ms] [ERROR] Failed to load resource: the server responded with a status of 404 (Not Found) @ http://localhost:54321/rest/v1/references?select=url%2Ctitle%2Cdescription%2Ctags%2Cfetched_at%2Cmodified_at&order=modified_at.desc:0
[ 1184349ms] [ERROR] Failed to load resource: the server responded with a status of 404 (Not Found) @ http://localhost:54321/rest/v1/benchmark_reports?select=id%2Crun_name%2Cstrategy%2Cscore%2Ctokens%2Celapsed_ms%2Cpromoted%2Ccreated_at%2Crepo_id&order=created_at.desc&limit=50:0
[ 1323920ms] [ERROR] Failed to load resource: the server responded with a status of 404 (Not Found) @ http://localhost:54321/rest/v1/libraries?select=name%2Cecosystem%2Cversion%2Cdescription%2Chomepage_url%2Cllms_txt_url%2Cllms_txt_fetched_at&order=ecosystem.asc%2Cname.asc:0
[ 1329305ms] [ERROR] Failed to load resource: the server responded with a status of 500 (Internal Server Error) @ http://localhost:5173/repos/c9c7a728-fa9f-4771-bb85-1d2c6413f755/libraries/__data.json?x-sveltekit-invalidated=01:0
[ 1329306ms] [ERROR] Failed to load resource: the server responded with a status of 500 (Internal Server Error) @ http://localhost:5173/repos/c9c7a728-fa9f-4771-bb85-1d2c6413f755/libraries/__data.json?x-sveltekit-invalidated=1:0
[ 1329365ms] [ERROR] Failed to load resource: the server responded with a status of 500 (Internal Server Error) @ http://localhost:5173/repos/c9c7a728-fa9f-4771-bb85-1d2c6413f755/libraries:0
[ 1334089ms] [ERROR] Failed to load resource: the server responded with a status of 500 (Internal Server Error) @ http://localhost:5173/repos/c9c7a728-fa9f-4771-bb85-1d2c6413f755/libraries/__data.json?x-sveltekit-invalidated=01:0
[ 1334089ms] [WARNING] Preloading data for /repos/c9c7a728-fa9f-4771-bb85-1d2c6413f755/libraries failed with the following error: Internal Error
If this error is transient, you can ignore it. Otherwise, consider disabling preloading for this route. This route was preloaded due to a data-sveltekit-preload-data attribute. See https://svelte.dev/docs/kit/link-options for more info @ http://localhost:5173/@fs/Users/Jerry/Developer/sensei/node_modules/.bun/@sveltejs+kit@2.55.0+aeaf388caee2c729/node_modules/@sveltejs/kit/src/runtime/client/client.js?v=c1b6fb79:3298
[ 1363193ms] [ERROR] Failed to load resource: the server responded with a status of 500 (Internal Server Error) @ http://localhost:5173/repos/c9c7a728-fa9f-4771-bb85-1d2c6413f755/libraries/__data.json?x-sveltekit-invalidated=01:0
[ 1363196ms] [ERROR] Failed to load resource: the server responded with a status of 500 (Internal Server Error) @ http://localhost:5173/repos/c9c7a728-fa9f-4771-bb85-1d2c6413f755/libraries/__data.json?x-sveltekit-invalidated=1:0
[ 1363252ms] [ERROR] Failed to load resource: the server responded with a status of 500 (Internal Server Error) @ http://localhost:5173/repos/c9c7a728-fa9f-4771-bb85-1d2c6413f755/libraries:0
[ 1407612ms] [ERROR] Failed to load resource: the server responded with a status of 500 (Internal Server Error) @ http://localhost:5173/repos/c9c7a728-fa9f-4771-bb85-1d2c6413f755/libraries/__data.json?x-sveltekit-invalidated=01:0
[ 1407615ms] [WARNING] Preloading data for /repos/c9c7a728-fa9f-4771-bb85-1d2c6413f755/libraries failed with the following error: Internal Error
If this error is transient, you can ignore it. Otherwise, consider disabling preloading for this route. This route was preloaded due to a data-sveltekit-preload-data attribute. See https://svelte.dev/docs/kit/link-options for more info @ http://localhost:5173/@fs/Users/Jerry/Developer/sensei/node_modules/.bun/@sveltejs+kit@2.55.0+aeaf388caee2c729/node_modules/@sveltejs/kit/src/runtime/client/client.js?v=c1b6fb79:3298
[ 1413825ms] [ERROR] Failed to load resource: the server responded with a status of 500 (Internal Server Error) @ http://localhost:5173/repos/c9c7a728-fa9f-4771-bb85-1d2c6413f755/libraries/__data.json?x-sveltekit-invalidated=01:0
[ 1413828ms] [ERROR] Failed to load resource: the server responded with a status of 500 (Internal Server Error) @ http://localhost:5173/repos/c9c7a728-fa9f-4771-bb85-1d2c6413f755/libraries/__data.json?x-sveltekit-invalidated=1:0
[ 1413884ms] [ERROR] Failed to load resource: the server responded with a status of 500 (Internal Server Error) @ http://localhost:5173/repos/c9c7a728-fa9f-4771-bb85-1d2c6413f755/libraries:0
[ 1459868ms] [ERROR] Failed to load resource: the server responded with a status of 404 (Not Found) @ http://localhost:5173/libraries/c9c7a728-fa9f-4771-bb85-1d2c6413f755:0
[ 1461918ms] [ERROR] Failed to load resource: the server responded with a status of 404 (Not Found) @ http://localhost:54321/rest/v1/libraries?select=name%2Cecosystem%2Cversion%2Cdescription%2Chomepage_url%2Cllms_txt_url%2Cllms_txt_fetched_at&order=ecosystem.asc%2Cname.asc:0
[ 1583174ms] [ERROR] Failed to load resource: the server responded with a status of 500 (Internal Server Error) @ http://localhost:5173/libraries:0
[ 1666597ms] [ERROR] Failed to load resource: the server responded with a status of 500 (Internal Server Error) @ http://localhost:5173/src/routes/libraries/+page.svelte:0
[ 1666597ms] [WARNING] The next HMR update will cause the page to reload @ http://localhost:5173/@fs/Users/Jerry/Developer/sensei/node_modules/.bun/@sveltejs+kit@2.55.0+aeaf388caee2c729/node_modules/@sveltejs/kit/src/runtime/client/client.js?v=c1b6fb79:3298
[ 1666597ms] [ERROR] TypeError: Failed to fetch dynamically imported module: http://localhost:5173/.svelte-kit/generated/client/nodes/4.js?t=1773662764558 @ http://localhost:5173/@fs/Users/Jerry/Developer/sensei/apps/dashboard/.svelte-kit/generated/client/app.js:39
[ 2089978ms] [ERROR] Failed to load resource: the server responded with a status of 500 (Internal Server Error) @ http://localhost:5173/repos/8dd1e3de-6b3e-4b64-a9e5-7a5113c01b9d/libraries?/reindex:0
[ 2106640ms] [ERROR] Failed to load resource: the server responded with a status of 500 (Internal Server Error) @ http://localhost:5173/repos/8dd1e3de-6b3e-4b64-a9e5-7a5113c01b9d/libraries?/reindex:0
[14093943ms] [ERROR] Failed to load resource: the server responded with a status of 500 (Internal Server Error) @ http://localhost:5173/repos/8dd1e3de-6b3e-4b64-a9e5-7a5113c01b9d/libraries?/reindex:0
[14614662ms] TypeError: Cannot read properties of undefined (reading 'length')

	in <unknown>
	in +page.svelte
	in +layout.svelte
	in root.svelte
	in undefined

    at http://localhost:5173/src/routes/repos/[id]/libraries/+page.svelte?t=1773675808971:430:30
    at http://localhost:5173/node_modules/.vite/deps/chunk-AVHUMOUG.js?v=06e743a3:796:5
    at update_reaction (http://localhost:5173/node_modules/.vite/deps/chunk-S5IL6JH7.js?v=06e743a3:3805:18)
    at update_effect (http://localhost:5173/node_modules/.vite/deps/chunk-S5IL6JH7.js?v=06e743a3:3944:21)
    at create_effect (http://localhost:5173/node_modules/.vite/deps/chunk-S5IL6JH7.js?v=06e743a3:3289:7)
    at block (http://localhost:5173/node_modules/.vite/deps/chunk-S5IL6JH7.js?v=06e743a3:3455:17)
    at Module.if_block (http://localhost:5173/node_modules/.vite/deps/chunk-AVHUMOUG.js?v=06e743a3:794:3)
    at http://localhost:5173/src/routes/repos/[id]/libraries/+page.svelte?t=1773675808971:429:14
    at Module.add_svelte_meta (http://localhost:5173/node_modules/.vite/deps/chunk-S5IL6JH7.js?v=06e743a3:579:12)
    at _page (http://localhost:5173/src/routes/repos/[id]/libraries/+page.svelte?t=1773675808971:428:5)
